2025-12-11 20:53:00 | INFO | repo=WebAPP | action=test | passed=true
2025-06-03 20:15:00 | INFO | repo=WebAPP | action=edit | files=1
2025-06-27 09:05:00 | INFO | repo=WebAPP | action=commit
2025-05-03 19:44:00 | WARN | repo=WebAPP | action=test | passed=true
2025-02-21 08:08:00 | WARN | repo=WebAPP | action=commit
2025-06-02 12:45:00 | WARN | repo=WebAPP | action=commit
2025-04-01 07:12:00 | INFO | repo=WebAPP | action=commit
2025-05-01 09:36:00 | DEBUG | repo=WebAPP | action=commit
2025-06-26 11:44:00 | DEBUG | repo=WebAPP | action=commit
2025-07-04 17:32:00 | DEBUG | repo=WebAPP | action=commit
2025-01-04 21:21:00 | DEBUG | repo=WebAPP | action=commit
2025-06-18 07:05:00 | DEBUG | repo=WebAPP | action=commit
2025-01-16 19:57:00 | INFO | repo=WebAPP | action=commit
2025-05-06 11:00:00 | INFO | repo=WebAPP | action=commit
2025-07-27 09:37:00 | WARN | repo=WebAPP | action=commit
2025-09-20 16:06:00 | WARN | repo=WebAPP | action=commit
2025-03-11 14:24:00 | INFO | repo=WebAPP | action=commit
2025-10-03 20:40:00 | DEBUG | repo=WebAPP | action=test | passed=true
2025-06-21 17:06:00 | WARN | repo=WebAPP | action=test | passed=true
2025-10-12 14:37:00 | INFO | repo=WebAPP | action=pull
2025-08-23 18:04:00 | INFO | repo=WebAPP | action=edit | files=1
2025-05-15 20:51:00 | WARN | repo=WebAPP | action=commit
2025-11-20 17:45:00 | INFO | repo=WebAPP | action=commit
2025-04-23 11:10:00 | DEBUG | repo=WebAPP | action=edit | files=1
2025-01-15 07:47:00 | WARN | repo=WebAPP | action=commit
2025-02-04 18:42:00 | DEBUG | repo=WebAPP | action=commit
2025-03-25 19:38:00 | DEBUG | repo=WebAPP | action=pull
2025-10-23 20:55:00 | INFO | repo=WebAPP | action=commit
2025-05-26 19:06:00 | INFO | repo=WebAPP | action=commit
